This file contains any messages produced by compilers while
running configure, to aid debugging if configure makes a mistake.

It was created by Icecast configure 2.4.4, which was
generated by GNU Autoconf 2.69.  Invocation command line was

  $ ./configure 

## --------- ##
## Platform. ##
## --------- ##

hostname = zane-MS-7B45
uname -m = x86_64
uname -r = 5.4.0-80-generic
uname -s = Linux
uname -v = #90-Ubuntu SMP Fri Jul 9 22:49:44 UTC 2021

/usr/bin/uname -p = x86_64
/bin/uname -X     = unknown

/bin/arch              = x86_64
/usr/bin/arch -k       = unknown
/usr/convex/getsysinfo = unknown
/usr/bin/hostinfo      = unknown
/bin/machine           = unknown
/usr/bin/oslevel       = unknown
/bin/universe          = unknown

PATH: /home/zane/Code/research/Clion/clion-2021.1.2/bin
PATH: /home/zane/Code/research/checkedC/build/bin
PATH: /home/zane/.local/bin
PATH: /usr/local/sbin
PATH: /usr/local/bin
PATH: /usr/sbin
PATH: /usr/bin
PATH: /sbin
PATH: /bin
PATH: /usr/games
PATH: /usr/local/games
PATH: /snap/bin
PATH: /opt/thinlinc/bin
PATH: /home/zane/MyPrograms/home
PATH: /home/zane/Code/research/checkedC/build/bin
PATH: /home/zane/Code/research/checkedC/utils-5c


## ----------- ##
## Core tests. ##
## ----------- ##

configure:2504: checking for a BSD-compatible install
configure:2572: result: /usr/bin/install -c
configure:2583: checking whether build environment is sane
configure:2638: result: yes
configure:2787: checking for a thread-safe mkdir -p
configure:2826: result: /usr/bin/mkdir -p
configure:2833: checking for gawk
configure:2863: result: no
configure:2833: checking for mawk
configure:2849: found /usr/bin/mawk
configure:2860: result: mawk
configure:2871: checking whether make sets $(MAKE)
configure:2893: result: yes
configure:2922: checking whether make supports nested variables
configure:2939: result: yes
configure:3068: checking whether to enable maintainer-specific portions of Makefiles
configure:3077: result: no
configure:3139: checking for gcc
configure:3166: result: /home/zane/Code/research/Icecast
configure:3395: checking for C compiler version
configure:3404: /home/zane/Code/research/Icecast --version >&5
./configure: line 3406: /home/zane/Code/research/Icecast: Is a directory
configure:3415: $? = 126
configure:3404: /home/zane/Code/research/Icecast -v >&5
./configure: line 3406: /home/zane/Code/research/Icecast: Is a directory
configure:3415: $? = 126
configure:3404: /home/zane/Code/research/Icecast -V >&5
./configure: line 3406: /home/zane/Code/research/Icecast: Is a directory
configure:3415: $? = 126
configure:3404: /home/zane/Code/research/Icecast -qversion >&5
./configure: line 3406: /home/zane/Code/research/Icecast: Is a directory
configure:3415: $? = 126
configure:3435: checking whether the C compiler works
configure:3457: /home/zane/Code/research/Icecast -w -ferror-limit=0   conftest.c  >&5
./configure: line 3459: /home/zane/Code/research/Icecast: Is a directory
configure:3461: $? = 126
configure:3499: result: no
configure: failed program was:
| /* confdefs.h */
| #define PACKAGE_NAME "Icecast"
| #define PACKAGE_TARNAME "icecast"
| #define PACKAGE_VERSION "2.4.4"
| #define PACKAGE_STRING "Icecast 2.4.4"
| #define PACKAGE_BUGREPORT "icecast@xiph.org"
| #define PACKAGE_URL ""
| #define PACKAGE "icecast"
| #define VERSION "2.4.4"
| /* end confdefs.h.  */
| 
| int
| main ()
| {
| 
|   ;
|   return 0;
| }
configure:3504: error: in `/home/zane/Code/research/Icecast':
configure:3506: error: C compiler cannot create executables
See `config.log' for more details

## ---------------- ##
## Cache variables. ##
## ---------------- ##

ac_cv_env_CC_set=set
ac_cv_env_CC_value=/home/zane/Code/research/Icecast
ac_cv_env_CFLAGS_set=set
ac_cv_env_CFLAGS_value='-w -ferror-limit=0'
ac_cv_env_CPPFLAGS_set=
ac_cv_env_CPPFLAGS_value=
ac_cv_env_CPP_set=
ac_cv_env_CPP_value=
ac_cv_env_LDFLAGS_set=
ac_cv_env_LDFLAGS_value=
ac_cv_env_LIBS_set=
ac_cv_env_LIBS_value=
ac_cv_env_LT_SYS_LIBRARY_PATH_set=
ac_cv_env_LT_SYS_LIBRARY_PATH_value=
ac_cv_env_OGG_PREFIX_set=
ac_cv_env_OGG_PREFIX_value=
ac_cv_env_SPEEX_set=
ac_cv_env_SPEEX_value=
ac_cv_env_THEORA_set=
ac_cv_env_THEORA_value=
ac_cv_env_VORBIS_PREFIX_set=
ac_cv_env_VORBIS_PREFIX_value=
ac_cv_env_XSLTCONFIG_set=
ac_cv_env_XSLTCONFIG_value=
ac_cv_env_build_alias_set=
ac_cv_env_build_alias_value=
ac_cv_env_host_alias_set=
ac_cv_env_host_alias_value=
ac_cv_env_target_alias_set=
ac_cv_env_target_alias_value=
ac_cv_path_install='/usr/bin/install -c'
ac_cv_path_mkdir=/usr/bin/mkdir
ac_cv_prog_AWK=mawk
ac_cv_prog_ac_ct_CC=/home/zane/Code/research/Icecast
ac_cv_prog_make_make_set=yes
am_cv_make_support_nested_variables=yes

## ----------------- ##
## Output variables. ##
## ----------------- ##

ACLOCAL='${SHELL} /home/zane/Code/research/Icecast/missing aclocal-1.16'
AMDEPBACKSLASH=''
AMDEP_FALSE=''
AMDEP_TRUE=''
AMTAR='$${TAR-tar}'
AM_BACKSLASH='\'
AM_DEFAULT_V='$(AM_DEFAULT_VERBOSITY)'
AM_DEFAULT_VERBOSITY='1'
AM_V='$(V)'
AR=''
AUTOCONF='${SHELL} /home/zane/Code/research/Icecast/missing autoconf'
AUTOHEADER='${SHELL} /home/zane/Code/research/Icecast/missing autoheader'
AUTOMAKE='${SHELL} /home/zane/Code/research/Icecast/missing automake-1.16'
AWK='mawk'
CC='/home/zane/Code/research/Icecast'
CCDEPMODE=''
CFLAGS='-w -ferror-limit=0'
CPP=''
CPPFLAGS=''
CURL_CFLAGS=''
CURL_CONFIG=''
CURL_LIBS=''
CYGPATH_W='echo'
DEBUG=''
DEFS=''
DEPDIR=''
DLLTOOL=''
DSYMUTIL=''
DUMPBIN=''
ECHO_C=''
ECHO_N='-n'
ECHO_T=''
EGREP=''
EXEEXT=''
FGREP=''
GREP=''
HAVE_KATE=''
ICECAST_OPTIONAL=''
INSTALL_DATA='${INSTALL} -m 644'
INSTALL_PROGRAM='${INSTALL}'
INSTALL_SCRIPT='${INSTALL}'
INSTALL_STRIP_PROGRAM='$(install_sh) -c -s'
KATE_LIBS=''
LD=''
LDFLAGS=''
LIBOBJS=''
LIBS=''
LIBTOOL=''
LIBTOOL_DEPS=''
LIPO=''
LN_S=''
LTLIBOBJS=''
LT_SYS_LIBRARY_PATH=''
MAINT='#'
MAINTAINER_MODE_FALSE=''
MAINTAINER_MODE_TRUE='#'
MAKEINFO='${SHELL} /home/zane/Code/research/Icecast/missing makeinfo'
MANIFEST_TOOL=''
MKDIR_P='/usr/bin/mkdir -p'
NM=''
NMEDIT=''
OBJDUMP=''
OBJEXT=''
OGG_CFLAGS=''
OGG_LDFLAGS=''
OGG_LIBS=''
OGG_PREFIX=''
OTOOL64=''
OTOOL=''
PACKAGE='icecast'
PACKAGE_BUGREPORT='icecast@xiph.org'
PACKAGE_NAME='Icecast'
PACKAGE_STRING='Icecast 2.4.4'
PACKAGE_TARNAME='icecast'
PACKAGE_URL=''
PACKAGE_VERSION='2.4.4'
PATH_SEPARATOR=':'
PKGCONFIG=''
PROFILE=''
PTHREAD_CC=''
PTHREAD_CFLAGS=''
PTHREAD_CPPFLAGS=''
PTHREAD_LIBS=''
RANLIB=''
SED=''
SET_MAKE=''
SHELL='/bin/bash'
SPEEX=''
SPEEX_CFLAGS=''
SPEEX_LDFLAGS=''
SPEEX_LIBS=''
STRIP=''
THEORA=''
THEORA_CFLAGS=''
THEORA_LDFLAGS=''
THEORA_LIBS=''
VERSION='2.4.4'
VORBISENC_LIBS=''
VORBISFILE_LIBS=''
VORBIS_CFLAGS=''
VORBIS_LDFLAGS=''
VORBIS_LIBS=''
VORBIS_PREFIX=''
XIPH_CFLAGS=''
XIPH_CPPFLAGS=''
XIPH_LDFLAGS=''
XIPH_LIBS=''
XSLTCONFIG=''
ac_ct_AR=''
ac_ct_CC='/home/zane/Code/research/Icecast'
ac_ct_DUMPBIN=''
acx_pthread_config=''
am__EXEEXT_FALSE=''
am__EXEEXT_TRUE=''
am__fastdepCC_FALSE=''
am__fastdepCC_TRUE=''
am__include=''
am__isrc=''
am__leading_dot='.'
am__nodep=''
am__quote=''
am__tar='$${TAR-tar} chof - "$$tardir"'
am__untar='$${TAR-tar} xf -'
bindir='${exec_prefix}/bin'
build=''
build_alias=''
build_cpu=''
build_os=''
build_vendor=''
datadir='${datarootdir}'
datarootdir='${prefix}/share'
docdir='${datarootdir}/doc/${PACKAGE_TARNAME}'
dvidir='${docdir}'
exec_prefix='NONE'
host=''
host_alias=''
host_cpu=''
host_os=''
host_vendor=''
htmldir='${docdir}'
includedir='${prefix}/include'
infodir='${datarootdir}/info'
install_sh='${SHELL} /home/zane/Code/research/Icecast/install-sh'
libdir='${exec_prefix}/lib'
libexecdir='${exec_prefix}/libexec'
localedir='${datarootdir}/locale'
localstatedir='${prefix}/var'
mandir='${datarootdir}/man'
mkdir_p='$(MKDIR_P)'
oldincludedir='/usr/include'
pdfdir='${docdir}'
prefix='NONE'
program_transform_name='s,x,x,'
psdir='${docdir}'
runstatedir='${localstatedir}/run'
sbindir='${exec_prefix}/sbin'
sharedstatedir='${prefix}/com'
sysconfdir='${prefix}/etc'
target_alias=''

## ----------- ##
## confdefs.h. ##
## ----------- ##

/* confdefs.h */
#define PACKAGE_NAME "Icecast"
#define PACKAGE_TARNAME "icecast"
#define PACKAGE_VERSION "2.4.4"
#define PACKAGE_STRING "Icecast 2.4.4"
#define PACKAGE_BUGREPORT "icecast@xiph.org"
#define PACKAGE_URL ""
#define PACKAGE "icecast"
#define VERSION "2.4.4"

configure: exit 77
